c:\year 2\semester 2\dsa\assignment\dsa_assignment_isaac_joey\x64\debug\vc143.pdb
c:\year 2\semester 2\dsa\assignment\dsa_assignment_isaac_joey\x64\debug\vc143.idb
c:\year 2\semester 2\dsa\assignment\dsa_assignment_isaac_joey\x64\debug\vector.obj
c:\year 2\semester 2\dsa\assignment\dsa_assignment_isaac_joey\x64\debug\queue.obj
c:\year 2\semester 2\dsa\assignment\dsa_assignment_isaac_joey\x64\debug\movie.obj
c:\year 2\semester 2\dsa\assignment\dsa_assignment_isaac_joey\x64\debug\hashtable.obj
c:\year 2\semester 2\dsa\assignment\dsa_assignment_isaac_joey\x64\debug\avltree.obj
c:\year 2\semester 2\dsa\assignment\dsa_assignment_isaac_joey\x64\debug\actorgraph.obj
c:\year 2\semester 2\dsa\assignment\dsa_assignment_isaac_joey\x64\debug\actor.obj
c:\year 2\semester 2\dsa\assignment\dsa_assignment_isaac_joey\x64\debug\dsa_assignment_isaac_joey.pdb
c:\year 2\semester 2\dsa\assignment\dsa_assignment_isaac_joey\x64\debug\dsa_assi.a383e16e.tlog\cl.command.1.tlog
c:\year 2\semester 2\dsa\assignment\dsa_assignment_isaac_joey\x64\debug\dsa_assi.a383e16e.tlog\cl.read.1.tlog
c:\year 2\semester 2\dsa\assignment\dsa_assignment_isaac_joey\x64\debug\dsa_assi.a383e16e.tlog\cl.write.1.tlog
c:\year 2\semester 2\dsa\assignment\dsa_assignment_isaac_joey\x64\debug\dsa_assi.a383e16e.tlog\link-cvtres.read.1.tlog
c:\year 2\semester 2\dsa\assignment\dsa_assignment_isaac_joey\x64\debug\dsa_assi.a383e16e.tlog\link-cvtres.write.1.tlog
c:\year 2\semester 2\dsa\assignment\dsa_assignment_isaac_joey\x64\debug\dsa_assi.a383e16e.tlog\link-rc.read.1.tlog
c:\year 2\semester 2\dsa\assignment\dsa_assignment_isaac_joey\x64\debug\dsa_assi.a383e16e.tlog\link-rc.write.1.tlog
c:\year 2\semester 2\dsa\assignment\dsa_assignment_isaac_joey\x64\debug\dsa_assi.a383e16e.tlog\link.command.1.tlog
c:\year 2\semester 2\dsa\assignment\dsa_assignment_isaac_joey\x64\debug\dsa_assi.a383e16e.tlog\link.read.1.tlog
c:\year 2\semester 2\dsa\assignment\dsa_assignment_isaac_joey\x64\debug\dsa_assi.a383e16e.tlog\link.read.2.tlog
c:\year 2\semester 2\dsa\assignment\dsa_assignment_isaac_joey\x64\debug\dsa_assi.a383e16e.tlog\link.write.1.tlog
