  Vector.cpp
C:\Year 2\Semester 2\DSA\Assignment\DSA_Assignment_Isaac_Joey\Vector.h(15,1): warning C4227: anachronism used: qualifiers on reference are ignored
C:\Year 2\Semester 2\DSA\Assignment\DSA_Assignment_Isaac_Joey\Vector.h(19,2): message : see reference to class template instantiation 'Vector<T>' being compiled
C:\Year 2\Semester 2\DSA\Assignment\DSA_Assignment_Isaac_Joey\Vector.cpp(5,27): warning C4661: 'Vector<int>::Vector(int,int)': no suitable definition provided for explicit template instantiation request
C:\Year 2\Semester 2\DSA\Assignment\DSA_Assignment_Isaac_Joey\Vector.h(12,3): message : see declaration of 'Vector<int>::Vector'
C:\Year 2\Semester 2\DSA\Assignment\DSA_Assignment_Isaac_Joey\Vector.cpp(5,27): warning C4661: 'bool Vector<int>::deleteItem(T &)': no suitable definition provided for explicit template instantiation request
          with
          [
              T=int
          ]
C:\Year 2\Semester 2\DSA\Assignment\DSA_Assignment_Isaac_Joey\Vector.h(14,8): message : see declaration of 'Vector<int>::deleteItem'
C:\Year 2\Semester 2\DSA\Assignment\DSA_Assignment_Isaac_Joey\Vector.cpp(5,27): warning C4661: 'T &Vector<T>::operator [](int)': no suitable definition provided for explicit template instantiation request
          with
          [
              T=int
          ]
C:\Year 2\Semester 2\DSA\Assignment\DSA_Assignment_Isaac_Joey\Vector.h(16,6): message : see declaration of 'Vector<int>::operator []'
C:\Year 2\Semester 2\DSA\Assignment\DSA_Assignment_Isaac_Joey\Vector.cpp(7): warning C4661: 'Vector<int>::Vector(int,int)': no suitable definition provided for explicit template instantiation request
C:\Year 2\Semester 2\DSA\Assignment\DSA_Assignment_Isaac_Joey\Vector.h(12,3): message : see declaration of 'Vector<int>::Vector'
C:\Year 2\Semester 2\DSA\Assignment\DSA_Assignment_Isaac_Joey\Vector.cpp(7): warning C4661: 'bool Vector<int>::deleteItem(T &)': no suitable definition provided for explicit template instantiation request
          with
          [
              T=int
          ]
C:\Year 2\Semester 2\DSA\Assignment\DSA_Assignment_Isaac_Joey\Vector.h(14,8): message : see declaration of 'Vector<int>::deleteItem'
C:\Year 2\Semester 2\DSA\Assignment\DSA_Assignment_Isaac_Joey\Vector.cpp(7): warning C4661: 'T &Vector<T>::operator [](int)': no suitable definition provided for explicit template instantiation request
          with
          [
              T=int
          ]
C:\Year 2\Semester 2\DSA\Assignment\DSA_Assignment_Isaac_Joey\Vector.h(16,6): message : see declaration of 'Vector<int>::operator []'
C:\Year 2\Semester 2\DSA\Assignment\DSA_Assignment_Isaac_Joey\Vector.cpp(22): warning C4715: 'Vector<int>::operator[]': not all control paths return a value
  DSA_Assignment_Isaac_Joey.vcxproj -> C:\Year 2\Semester 2\DSA\Assignment\DSA_Assignment_Isaac_Joey\x64\Debug\DSA_Assignment_Isaac_Joey.exe
