c:\users\joey\source\repos\dsa-assignment-joeyandisaac\dsa_assignment_isaac_joey\dsa_assi.a383e16e\x64\debug\vc143.pdb
c:\users\joey\source\repos\dsa-assignment-joeyandisaac\dsa_assignment_isaac_joey\dsa_assi.a383e16e\x64\debug\vc143.idb
c:\users\joey\source\repos\dsa-assignment-joeyandisaac\dsa_assignment_isaac_joey\dsa_assi.a383e16e\x64\debug\vector.obj
c:\users\joey\source\repos\dsa-assignment-joeyandisaac\dsa_assignment_isaac_joey\dsa_assi.a383e16e\x64\debug\queue.obj
c:\users\joey\source\repos\dsa-assignment-joeyandisaac\dsa_assignment_isaac_joey\dsa_assi.a383e16e\x64\debug\movie.obj
c:\users\joey\source\repos\dsa-assignment-joeyandisaac\dsa_assignment_isaac_joey\dsa_assi.a383e16e\x64\debug\hashtable.obj
c:\users\joey\source\repos\dsa-assignment-joeyandisaac\dsa_assignment_isaac_joey\dsa_assi.a383e16e\x64\debug\dsa_assignment_isaac_joey.obj
c:\users\joey\source\repos\dsa-assignment-joeyandisaac\dsa_assignment_isaac_joey\dsa_assi.a383e16e\x64\debug\avltree.obj
c:\users\joey\source\repos\dsa-assignment-joeyandisaac\dsa_assignment_isaac_joey\dsa_assi.a383e16e\x64\debug\actorgraph.obj
c:\users\joey\source\repos\dsa-assignment-joeyandisaac\dsa_assignment_isaac_joey\dsa_assi.a383e16e\x64\debug\actor.obj
c:\users\joey\source\repos\dsa-assignment-joeyandisaac\dsa_assignment_isaac_joey\dsa_assi.a383e16e\x64\debug\dsa_assignment_isaac_joey.ilk
c:\users\joey\source\repos\dsa-assignment-joeyandisaac\dsa_assignment_isaac_joey\x64\debug\dsa_assignment_isaac_joey.pdb
c:\users\joey\source\repos\dsa-assignment-joeyandisaac\dsa_assignment_isaac_joey\x64\debug\dsa_assignment_isaac_joey.ilk
c:\users\joey\source\repos\dsa-assignment-joeyandisaac\dsa_assignment_isaac_joey\dsa_assi.a383e16e\x64\debug\dsa_assi.a383e16e.tlog\cl.command.1.tlog
c:\users\joey\source\repos\dsa-assignment-joeyandisaac\dsa_assignment_isaac_joey\dsa_assi.a383e16e\x64\debug\dsa_assi.a383e16e.tlog\cl.items.tlog
c:\users\joey\source\repos\dsa-assignment-joeyandisaac\dsa_assignment_isaac_joey\dsa_assi.a383e16e\x64\debug\dsa_assi.a383e16e.tlog\cl.read.1.tlog
c:\users\joey\source\repos\dsa-assignment-joeyandisaac\dsa_assignment_isaac_joey\dsa_assi.a383e16e\x64\debug\dsa_assi.a383e16e.tlog\cl.write.1.tlog
c:\users\joey\source\repos\dsa-assignment-joeyandisaac\dsa_assignment_isaac_joey\dsa_assi.a383e16e\x64\debug\dsa_assi.a383e16e.tlog\link-cvtres.read.1.tlog
c:\users\joey\source\repos\dsa-assignment-joeyandisaac\dsa_assignment_isaac_joey\dsa_assi.a383e16e\x64\debug\dsa_assi.a383e16e.tlog\link-cvtres.write.1.tlog
c:\users\joey\source\repos\dsa-assignment-joeyandisaac\dsa_assignment_isaac_joey\dsa_assi.a383e16e\x64\debug\dsa_assi.a383e16e.tlog\link-rc.read.1.tlog
c:\users\joey\source\repos\dsa-assignment-joeyandisaac\dsa_assignment_isaac_joey\dsa_assi.a383e16e\x64\debug\dsa_assi.a383e16e.tlog\link-rc.write.1.tlog
c:\users\joey\source\repos\dsa-assignment-joeyandisaac\dsa_assignment_isaac_joey\dsa_assi.a383e16e\x64\debug\dsa_assi.a383e16e.tlog\link.command.1.tlog
c:\users\joey\source\repos\dsa-assignment-joeyandisaac\dsa_assignment_isaac_joey\dsa_assi.a383e16e\x64\debug\dsa_assi.a383e16e.tlog\link.read.1.tlog
c:\users\joey\source\repos\dsa-assignment-joeyandisaac\dsa_assignment_isaac_joey\dsa_assi.a383e16e\x64\debug\dsa_assi.a383e16e.tlog\link.read.2.tlog
c:\users\joey\source\repos\dsa-assignment-joeyandisaac\dsa_assignment_isaac_joey\dsa_assi.a383e16e\x64\debug\dsa_assi.a383e16e.tlog\link.secondary.1.tlog
c:\users\joey\source\repos\dsa-assignment-joeyandisaac\dsa_assignment_isaac_joey\dsa_assi.a383e16e\x64\debug\dsa_assi.a383e16e.tlog\link.write.1.tlog
